{"name":"hexo","hostname":"haoyazhoudeMacBook-Pro.local","pid":25390,"level":20,"msg":"Hexo version: \u001b[35m3.6.0\u001b[39m","time":"2018-07-06T14:03:17.501Z","v":0}
{"name":"hexo","hostname":"haoyazhoudeMacBook-Pro.local","pid":25390,"level":20,"msg":"Working directory: \u001b[35m~/Documents/hexo_blog/\u001b[39m","time":"2018-07-06T14:03:17.503Z","v":0}
{"name":"hexo","hostname":"haoyazhoudeMacBook-Pro.local","pid":25390,"level":20,"msg":"Config loaded: \u001b[35m~/Documents/hexo_blog/_config.yml\u001b[39m","time":"2018-07-06T14:03:17.579Z","v":0}
{"name":"hexo","hostname":"haoyazhoudeMacBook-Pro.local","pid":25390,"level":20,"msg":"Plugin loaded: \u001b[35mhexo-deployer-git\u001b[39m","time":"2018-07-06T14:03:17.606Z","v":0}
{"name":"hexo","hostname":"haoyazhoudeMacBook-Pro.local","pid":25390,"level":20,"msg":"Plugin loaded: \u001b[35mhexo-generator-archive\u001b[39m","time":"2018-07-06T14:03:17.608Z","v":0}
{"name":"hexo","hostname":"haoyazhoudeMacBook-Pro.local","pid":25390,"level":20,"msg":"Plugin loaded: \u001b[35mhexo-generator-category\u001b[39m","time":"2018-07-06T14:03:17.610Z","v":0}
{"name":"hexo","hostname":"haoyazhoudeMacBook-Pro.local","pid":25390,"level":20,"msg":"Plugin loaded: \u001b[35mhexo-generator-index\u001b[39m","time":"2018-07-06T14:03:17.613Z","v":0}
{"name":"hexo","hostname":"haoyazhoudeMacBook-Pro.local","pid":25390,"level":20,"msg":"Plugin loaded: \u001b[35mhexo-generator-tag\u001b[39m","time":"2018-07-06T14:03:17.614Z","v":0}
{"name":"hexo","hostname":"haoyazhoudeMacBook-Pro.local","pid":25390,"level":20,"msg":"Plugin loaded: \u001b[35mhexo-renderer-ejs\u001b[39m","time":"2018-07-06T14:03:17.617Z","v":0}
{"name":"hexo","hostname":"haoyazhoudeMacBook-Pro.local","pid":25390,"level":20,"msg":"Plugin loaded: \u001b[35mhexo-renderer-marked\u001b[39m","time":"2018-07-06T14:03:17.622Z","v":0}
{"name":"hexo","hostname":"haoyazhoudeMacBook-Pro.local","pid":25390,"level":20,"msg":"Plugin loaded: \u001b[35mhexo-server\u001b[39m","time":"2018-07-06T14:03:17.692Z","v":0}
{"name":"hexo","hostname":"haoyazhoudeMacBook-Pro.local","pid":25390,"level":20,"msg":"Plugin loaded: \u001b[35mhexo-renderer-stylus\u001b[39m","time":"2018-07-06T14:03:17.693Z","v":0}
{"name":"hexo","hostname":"haoyazhoudeMacBook-Pro.local","pid":25390,"level":20,"msg":"Script loaded: \u001b[35mthemes/next/scripts/merge.js\u001b[39m","time":"2018-07-06T14:03:17.703Z","v":0}
{"name":"hexo","hostname":"haoyazhoudeMacBook-Pro.local","pid":25390,"level":20,"msg":"Script loaded: \u001b[35mthemes/next/scripts/merge-configs.js\u001b[39m","time":"2018-07-06T14:03:17.706Z","v":0}
{"name":"hexo","hostname":"haoyazhoudeMacBook-Pro.local","pid":25390,"level":20,"msg":"Script loaded: \u001b[35mthemes/next/scripts/tags/button.js\u001b[39m","time":"2018-07-06T14:03:17.706Z","v":0}
{"name":"hexo","hostname":"haoyazhoudeMacBook-Pro.local","pid":25390,"level":20,"msg":"Script loaded: \u001b[35mthemes/next/scripts/tags/center-quote.js\u001b[39m","time":"2018-07-06T14:03:17.706Z","v":0}
{"name":"hexo","hostname":"haoyazhoudeMacBook-Pro.local","pid":25390,"level":20,"msg":"Script loaded: \u001b[35mthemes/next/scripts/tags/exturl.js\u001b[39m","time":"2018-07-06T14:03:17.707Z","v":0}
{"name":"hexo","hostname":"haoyazhoudeMacBook-Pro.local","pid":25390,"level":20,"msg":"Script loaded: \u001b[35mthemes/next/scripts/tags/full-image.js\u001b[39m","time":"2018-07-06T14:03:17.707Z","v":0}
{"name":"hexo","hostname":"haoyazhoudeMacBook-Pro.local","pid":25390,"level":20,"msg":"Script loaded: \u001b[35mthemes/next/scripts/tags/group-pictures.js\u001b[39m","time":"2018-07-06T14:03:17.708Z","v":0}
{"name":"hexo","hostname":"haoyazhoudeMacBook-Pro.local","pid":25390,"level":20,"msg":"Script loaded: \u001b[35mthemes/next/scripts/tags/lazy-image.js\u001b[39m","time":"2018-07-06T14:03:17.708Z","v":0}
{"name":"hexo","hostname":"haoyazhoudeMacBook-Pro.local","pid":25390,"level":20,"msg":"Script loaded: \u001b[35mthemes/next/scripts/tags/label.js\u001b[39m","time":"2018-07-06T14:03:17.708Z","v":0}
{"name":"hexo","hostname":"haoyazhoudeMacBook-Pro.local","pid":25390,"level":20,"msg":"Script loaded: \u001b[35mthemes/next/scripts/tags/note.js\u001b[39m","time":"2018-07-06T14:03:17.708Z","v":0}
{"name":"hexo","hostname":"haoyazhoudeMacBook-Pro.local","pid":25390,"level":20,"msg":"Script loaded: \u001b[35mthemes/next/scripts/tags/tabs.js\u001b[39m","time":"2018-07-06T14:03:17.709Z","v":0}
{"name":"hexo","hostname":"haoyazhoudeMacBook-Pro.local","pid":25390,"level":30,"msg":"Deploying: \u001b[35mgit\u001b[39m","time":"2018-07-06T14:03:17.711Z","v":0}
{"name":"hexo","hostname":"haoyazhoudeMacBook-Pro.local","pid":25390,"level":30,"msg":"Clearing .deploy_git folder...","time":"2018-07-06T14:03:17.717Z","v":0}
{"name":"hexo","hostname":"haoyazhoudeMacBook-Pro.local","pid":25390,"level":30,"msg":"Copying files from public folder...","time":"2018-07-06T14:03:17.854Z","v":0}
{"name":"hexo","hostname":"haoyazhoudeMacBook-Pro.local","pid":25390,"level":30,"msg":"Copying files from extend dirs...","time":"2018-07-06T14:03:18.256Z","v":0}
{"name":"hexo","hostname":"haoyazhoudeMacBook-Pro.local","pid":25390,"level":30,"msg":"Farewell","time":"2018-07-06T14:04:26.040Z","v":0}
{"name":"hexo","hostname":"haoyazhoudeMacBook-Pro.local","pid":25390,"level":30,"msg":"Deploy done: \u001b[35mgit\u001b[39m","time":"2018-07-06T14:04:26.072Z","v":0}
{"name":"hexo","hostname":"haoyazhoudeMacBook-Pro.local","pid":25390,"level":20,"msg":"Database saved","time":"2018-07-06T14:04:26.073Z","v":0}
{"name":"hexo","hostname":"haoyazhoudeMacBook-Pro.local","pid":25458,"level":20,"msg":"Hexo version: \u001b[35m3.6.0\u001b[39m","time":"2018-07-06T14:05:27.230Z","v":0}
{"name":"hexo","hostname":"haoyazhoudeMacBook-Pro.local","pid":25458,"level":20,"msg":"Working directory: \u001b[35m~/Documents/hexo_blog/\u001b[39m","time":"2018-07-06T14:05:27.233Z","v":0}
{"name":"hexo","hostname":"haoyazhoudeMacBook-Pro.local","pid":25458,"level":20,"msg":"Config loaded: \u001b[35m~/Documents/hexo_blog/_config.yml\u001b[39m","time":"2018-07-06T14:05:27.322Z","v":0}
{"name":"hexo","hostname":"haoyazhoudeMacBook-Pro.local","pid":25458,"level":20,"msg":"Plugin loaded: \u001b[35mhexo-deployer-git\u001b[39m","time":"2018-07-06T14:05:27.366Z","v":0}
{"name":"hexo","hostname":"haoyazhoudeMacBook-Pro.local","pid":25458,"level":20,"msg":"Plugin loaded: \u001b[35mhexo-generator-archive\u001b[39m","time":"2018-07-06T14:05:27.370Z","v":0}
{"name":"hexo","hostname":"haoyazhoudeMacBook-Pro.local","pid":25458,"level":20,"msg":"Plugin loaded: \u001b[35mhexo-generator-category\u001b[39m","time":"2018-07-06T14:05:27.371Z","v":0}
{"name":"hexo","hostname":"haoyazhoudeMacBook-Pro.local","pid":25458,"level":20,"msg":"Plugin loaded: \u001b[35mhexo-generator-index\u001b[39m","time":"2018-07-06T14:05:27.374Z","v":0}
{"name":"hexo","hostname":"haoyazhoudeMacBook-Pro.local","pid":25458,"level":20,"msg":"Plugin loaded: \u001b[35mhexo-generator-tag\u001b[39m","time":"2018-07-06T14:05:27.375Z","v":0}
{"name":"hexo","hostname":"haoyazhoudeMacBook-Pro.local","pid":25458,"level":20,"msg":"Plugin loaded: \u001b[35mhexo-renderer-ejs\u001b[39m","time":"2018-07-06T14:05:27.378Z","v":0}
{"name":"hexo","hostname":"haoyazhoudeMacBook-Pro.local","pid":25458,"level":20,"msg":"Plugin loaded: \u001b[35mhexo-renderer-marked\u001b[39m","time":"2018-07-06T14:05:27.385Z","v":0}
{"name":"hexo","hostname":"haoyazhoudeMacBook-Pro.local","pid":25458,"level":20,"msg":"Plugin loaded: \u001b[35mhexo-renderer-stylus\u001b[39m","time":"2018-07-06T14:05:27.387Z","v":0}
{"name":"hexo","hostname":"haoyazhoudeMacBook-Pro.local","pid":25458,"level":20,"msg":"Plugin loaded: \u001b[35mhexo-server\u001b[39m","time":"2018-07-06T14:05:27.535Z","v":0}
{"name":"hexo","hostname":"haoyazhoudeMacBook-Pro.local","pid":25458,"level":20,"msg":"Script loaded: \u001b[35mthemes/next/scripts/merge-configs.js\u001b[39m","time":"2018-07-06T14:05:27.571Z","v":0}
{"name":"hexo","hostname":"haoyazhoudeMacBook-Pro.local","pid":25458,"level":20,"msg":"Script loaded: \u001b[35mthemes/next/scripts/merge.js\u001b[39m","time":"2018-07-06T14:05:27.577Z","v":0}
{"name":"hexo","hostname":"haoyazhoudeMacBook-Pro.local","pid":25458,"level":20,"msg":"Script loaded: \u001b[35mthemes/next/scripts/tags/button.js\u001b[39m","time":"2018-07-06T14:05:27.578Z","v":0}
{"name":"hexo","hostname":"haoyazhoudeMacBook-Pro.local","pid":25458,"level":20,"msg":"Script loaded: \u001b[35mthemes/next/scripts/tags/center-quote.js\u001b[39m","time":"2018-07-06T14:05:27.578Z","v":0}
{"name":"hexo","hostname":"haoyazhoudeMacBook-Pro.local","pid":25458,"level":20,"msg":"Script loaded: \u001b[35mthemes/next/scripts/tags/exturl.js\u001b[39m","time":"2018-07-06T14:05:27.579Z","v":0}
{"name":"hexo","hostname":"haoyazhoudeMacBook-Pro.local","pid":25458,"level":20,"msg":"Script loaded: \u001b[35mthemes/next/scripts/tags/full-image.js\u001b[39m","time":"2018-07-06T14:05:27.580Z","v":0}
{"name":"hexo","hostname":"haoyazhoudeMacBook-Pro.local","pid":25458,"level":20,"msg":"Script loaded: \u001b[35mthemes/next/scripts/tags/group-pictures.js\u001b[39m","time":"2018-07-06T14:05:27.582Z","v":0}
{"name":"hexo","hostname":"haoyazhoudeMacBook-Pro.local","pid":25458,"level":20,"msg":"Script loaded: \u001b[35mthemes/next/scripts/tags/label.js\u001b[39m","time":"2018-07-06T14:05:27.582Z","v":0}
{"name":"hexo","hostname":"haoyazhoudeMacBook-Pro.local","pid":25458,"level":20,"msg":"Script loaded: \u001b[35mthemes/next/scripts/tags/lazy-image.js\u001b[39m","time":"2018-07-06T14:05:27.583Z","v":0}
{"name":"hexo","hostname":"haoyazhoudeMacBook-Pro.local","pid":25458,"level":20,"msg":"Script loaded: \u001b[35mthemes/next/scripts/tags/note.js\u001b[39m","time":"2018-07-06T14:05:27.583Z","v":0}
{"name":"hexo","hostname":"haoyazhoudeMacBook-Pro.local","pid":25458,"level":20,"msg":"Script loaded: \u001b[35mthemes/next/scripts/tags/tabs.js\u001b[39m","time":"2018-07-06T14:05:27.584Z","v":0}
{"name":"hexo","hostname":"haoyazhoudeMacBook-Pro.local","pid":25458,"level":30,"msg":"Deploying: \u001b[35mgit\u001b[39m","time":"2018-07-06T14:05:27.596Z","v":0}
{"name":"hexo","hostname":"haoyazhoudeMacBook-Pro.local","pid":25458,"level":30,"msg":"Setting up Git deployment...","time":"2018-07-06T14:05:27.625Z","v":0}
{"name":"hexo","hostname":"haoyazhoudeMacBook-Pro.local","pid":25458,"level":30,"msg":"Clearing .deploy_git folder...","time":"2018-07-06T14:05:27.702Z","v":0}
{"name":"hexo","hostname":"haoyazhoudeMacBook-Pro.local","pid":25458,"level":30,"msg":"Copying files from public folder...","time":"2018-07-06T14:05:27.704Z","v":0}
{"name":"hexo","hostname":"haoyazhoudeMacBook-Pro.local","pid":25458,"level":30,"msg":"Copying files from extend dirs...","time":"2018-07-06T14:05:28.564Z","v":0}
{"name":"hexo","hostname":"haoyazhoudeMacBook-Pro.local","pid":25458,"level":60,"err":{"message":"packet_write_wait: Connection to 52.74.223.119 port 22: Broken pipe\r\nfatal: The remote end hung up unexpectedly\nfatal: The remote end hung up unexpectedly\n","name":"Error","stack":"Error: packet_write_wait: Connection to 52.74.223.119 port 22: Broken pipe\r\nfatal: The remote end hung up unexpectedly\nfatal: The remote end hung up unexpectedly\n\n    at ChildProcess.<anonymous> (/Users/haoyazhou/Documents/hexo_blog/node_modules/hexo-util/lib/spawn.js:37:17)\n    at emitTwo (events.js:106:13)\n    at ChildProcess.emit (events.js:191:7)\n    at maybeClose (internal/child_process.js:891:16)\n    at Socket.<anonymous> (internal/child_process.js:342:11)\n    at emitOne (events.js:96:13)\n    at Socket.emit (events.js:188:7)\n    at Pipe._handle.close [as _onclose] (net.js:497:12)","code":128},"msg":"Something's wrong. Maybe you can find the solution here: \u001b[4mhttp://hexo.io/docs/troubleshooting.html\u001b[24m","time":"2018-07-06T15:58:47.245Z","v":0}
{"name":"hexo","hostname":"haoyazhoudeMacBook-Pro.local","pid":25458,"level":20,"msg":"Database saved","time":"2018-07-06T15:58:47.246Z","v":0}
